#
# There is insufficient memory for the Java Runtime Environment to continue.
# Native memory allocation (malloc) failed to allocate 524304 bytes for Chunk::new
# Possible reasons:
#   The system is out of physical RAM or swap space
#   The process is running with CompressedOops enabled, and the Java Heap may be blocking the growth of the native heap
# Possible solutions:
#   Reduce memory load on the system
#   Increase physical memory or swap space
#   Check if swap backing store is full
#   Decrease Java heap size (-Xmx/-Xms)
#   Decrease number of Java threads
#   Decrease Java thread stack sizes (-Xss)
#   Set larger code cache with -XX:ReservedCodeCacheSize=
#   JVM is running with Unscaled Compressed Oops mode in which the Java heap is
#     placed in the first 4GB address space. The Java Heap base address is the
#     maximum limit for the native heap growth. Please use -XX:HeapBaseMinAddress
#     to set the Java Heap base and to place the Java Heap above 4GB virtual address.
# This output file may be truncated or incomplete.
#
#  Out of Memory Error (./src/hotspot/share/memory/arena.cpp:197), pid=5844, tid=10344
#
# JRE version: OpenJDK Runtime Environment (11.0.10) (build 11.0.10+0-b96-7249189)
# Java VM: OpenJDK 64-Bit Server VM (11.0.10+0-b96-7249189, mixed mode, tiered, compressed oops, g1 gc, windows-amd64)
# No core dump will be written. Minidumps are not enabled by default on client versions of Windows
#

---------------  S U M M A R Y ------------

Command Line: --add-opens=java.base/java.util=ALL-UNNAMED --add-opens=java.base/java.lang=ALL-UNNAMED --add-opens=java.base/java.lang.invoke=ALL-UNNAMED --add-opens=java.base/java.util=ALL-UNNAMED --add-opens=java.prefs/java.util.prefs=ALL-UNNAMED --add-opens=java.prefs/java.util.prefs=ALL-UNNAMED --add-opens=java.base/java.nio.charset=ALL-UNNAMED --add-opens=java.base/java.net=ALL-UNNAMED --add-opens=java.base/java.util.concurrent.atomic=ALL-UNNAMED -Xmx2048m -Dfile.encoding=UTF-8 -Duser.country=US -Duser.language=en -Duser.variant org.gradle.launcher.daemon.bootstrap.GradleDaemon 7.0.2

Host: Intel(R) Core(TM) i7-6500U CPU @ 2.50GHz, 4 cores, 7G,  Windows 10 , 64 bit Build 19041 (10.0.19041.1348)
Time: Sun Nov 28 17:03:52 2021 SE Asia Standard Time elapsed time: 102.581695 seconds (0d 0h 1m 42s)

---------------  T H R E A D  ---------------

Current thread (0x000001ac18cef000):  JavaThread "C2 CompilerThread0" daemon [_thread_in_native, id=10344, stack(0x0000001990400000,0x0000001990500000)]


Current CompileTask:
C2: 102581 11941       4       org.gradle.tooling.internal.adapter.ProtocolToModelAdapter$SafeMethodInvoker::invoke (118 bytes)

Stack: [0x0000001990400000,0x0000001990500000]
Native frames: (J=compiled Java code, j=interpreted, Vv=VM code, C=native code)
V  [jvm.dll+0x5ecfaa]
V  [jvm.dll+0x722bd5]
V  [jvm.dll+0x72412d]
V  [jvm.dll+0x7247e3]
V  [jvm.dll+0x242928]
V  [jvm.dll+0xbc4fc]
V  [jvm.dll+0xbca0c]
V  [jvm.dll+0xbc608]
V  [jvm.dll+0x1107c5]
V  [jvm.dll+0x641c15]
V  [jvm.dll+0x6425c5]
V  [jvm.dll+0x640569]
V  [jvm.dll+0x197d38]
V  [jvm.dll+0x1fb70e]
V  [jvm.dll+0x1fa7f4]
V  [jvm.dll+0x18354c]
V  [jvm.dll+0x208ee7]
V  [jvm.dll+0x207731]
V  [jvm.dll+0x6eb1cf]
V  [jvm.dll+0x6e3d45]
V  [jvm.dll+0x5ebe96]
C  [ucrtbase.dll+0x21bb2]
C  [KERNEL32.DLL+0x17034]
C  [ntdll.dll+0x52651]


---------------  P R O C E S S  ---------------

Threads class SMR info:
_java_thread_list=0x000001ac1db479c0, length=43, elements={
0x000001ac7e8dd800, 0x000001ac18ccd800, 0x000001ac18ccf000, 0x000001ac19662800,
0x000001ac18cea000, 0x000001ac18cec000, 0x000001ac18cef000, 0x000001ac18cf0800,
0x000001ac196a0000, 0x000001ac197a1800, 0x000001ac1a7e6800, 0x000001ac19939000,
0x000001ac1a68c800, 0x000001ac1b0ef800, 0x000001ac199cc800, 0x000001ac199cd800,
0x000001ac1a071000, 0x000001ac1a072000, 0x000001ac1b1dc000, 0x000001ac1b1db000,
0x000001ac1b1d8000, 0x000001ac1b1d8800, 0x000001ac1b1d6800, 0x000001ac1b1dd000,
0x000001ac1b1d9800, 0x000001ac1b1da800, 0x000001ac1b1d7000, 0x000001ac1b825800,
0x000001ac1b829800, 0x000001ac1b82a800, 0x000001ac1b829000, 0x000001ac1b826800,
0x000001ac1b827000, 0x000001ac1b82b800, 0x000001ac1b82d000, 0x000001ac1b828000,
0x000001ac1b82e800, 0x000001ac1b831000, 0x000001ac1b832800, 0x000001ac1b833800,
0x000001ac1b832000, 0x000001ac1b834800, 0x000001ac1d732800
}

Java Threads: ( => current thread )
  0x000001ac7e8dd800 JavaThread "main" [_thread_blocked, id=3488, stack(0x000000198f800000,0x000000198f900000)]
  0x000001ac18ccd800 JavaThread "Reference Handler" daemon [_thread_blocked, id=3288, stack(0x000000198ff00000,0x0000001990000000)]
  0x000001ac18ccf000 JavaThread "Finalizer" daemon [_thread_blocked, id=2684, stack(0x0000001990000000,0x0000001990100000)]
  0x000001ac19662800 JavaThread "Signal Dispatcher" daemon [_thread_blocked, id=6160, stack(0x0000001990100000,0x0000001990200000)]
  0x000001ac18cea000 JavaThread "Attach Listener" daemon [_thread_blocked, id=6480, stack(0x0000001990200000,0x0000001990300000)]
  0x000001ac18cec000 JavaThread "Service Thread" daemon [_thread_blocked, id=13704, stack(0x0000001990300000,0x0000001990400000)]
=>0x000001ac18cef000 JavaThread "C2 CompilerThread0" daemon [_thread_in_native, id=10344, stack(0x0000001990400000,0x0000001990500000)]
  0x000001ac18cf0800 JavaThread "C1 CompilerThread0" daemon [_thread_in_native, id=13616, stack(0x0000001990500000,0x0000001990600000)]
  0x000001ac196a0000 JavaThread "Sweeper thread" daemon [_thread_blocked, id=11996, stack(0x0000001990600000,0x0000001990700000)]
  0x000001ac197a1800 JavaThread "Common-Cleaner" daemon [_thread_blocked, id=8496, stack(0x0000001990700000,0x0000001990800000)]
  0x000001ac1a7e6800 JavaThread "Daemon health stats" [_thread_blocked, id=12868, stack(0x0000001990b00000,0x0000001990c00000)]
  0x000001ac19939000 JavaThread "Incoming local TCP Connector on port 51981" [_thread_in_native, id=3348, stack(0x0000001990c00000,0x0000001990d00000)]
  0x000001ac1a68c800 JavaThread "Daemon" [_thread_blocked, id=1460, stack(0x0000001990d00000,0x0000001990e00000)]
  0x000001ac1b0ef800 JavaThread "Handler for socket connection from /127.0.0.1:51981 to /127.0.0.1:51987" [_thread_in_native, id=13144, stack(0x0000001990e00000,0x0000001990f00000)]
  0x000001ac199cc800 JavaThread "Daemon periodic checks" [_thread_blocked, id=12180, stack(0x0000001990f00000,0x0000001991000000)]
  0x000001ac199cd800 JavaThread "Cancel handler" [_thread_blocked, id=12856, stack(0x0000001991000000,0x0000001991100000)]
  0x000001ac1a071000 JavaThread "Daemon worker" [_thread_in_native, id=10948, stack(0x0000001991100000,0x0000001991200000)]
  0x000001ac1a072000 JavaThread "Asynchronous log dispatcher for DefaultDaemonConnection: socket connection from /127.0.0.1:51981 to /127.0.0.1:51987" [_thread_blocked, id=7572, stack(0x0000001991200000,0x0000001991300000)]
  0x000001ac1b1dc000 JavaThread "Daemon client event forwarder" [_thread_blocked, id=2400, stack(0x0000001991400000,0x0000001991500000)]
  0x000001ac1b1db000 JavaThread "Cache worker for file hash cache (C:\Users\65965\.gradle\caches\7.0.2\fileHashes)" [_thread_blocked, id=13044, stack(0x0000001991500000,0x0000001991600000)]
  0x000001ac1b1d8000 JavaThread "File lock request listener" [_thread_in_native, id=12172, stack(0x0000001991700000,0x0000001991800000)]
  0x000001ac1b1d8800 JavaThread "Cache worker for journal cache (C:\Users\65965\.gradle\caches\journal-1)" [_thread_in_Java, id=5884, stack(0x0000001991800000,0x0000001991900000)]
  0x000001ac1b1d6800 JavaThread "File lock release action executor" [_thread_blocked, id=6252, stack(0x0000001991900000,0x0000001991a00000)]
  0x000001ac1b1dd000 JavaThread "Cache worker for file hash cache (D:\project naira\Dicoding\GithubSubmissionSec\.gradle\7.0.2\fileHashes)" [_thread_blocked, id=6576, stack(0x0000001991a00000,0x0000001991b00000)]
  0x000001ac1b1d9800 JavaThread "File watcher server" daemon [_thread_in_native, id=3416, stack(0x0000001991b00000,0x0000001991c00000)]
  0x000001ac1b1da800 JavaThread "File watcher consumer" daemon [_thread_blocked, id=5348, stack(0x0000001991c00000,0x0000001991d00000)]
  0x000001ac1b1d7000 JavaThread "jar transforms" [_thread_blocked, id=9272, stack(0x0000001991d00000,0x0000001991e00000)]
  0x000001ac1b825800 JavaThread "jar transforms Thread 2" [_thread_blocked, id=3556, stack(0x0000001991e00000,0x0000001991f00000)]
  0x000001ac1b829800 JavaThread "jar transforms Thread 3" [_thread_blocked, id=1912, stack(0x0000001991f00000,0x0000001992000000)]
  0x000001ac1b82a800 JavaThread "jar transforms Thread 4" [_thread_blocked, id=11512, stack(0x0000001992000000,0x0000001992100000)]
  0x000001ac1b829000 JavaThread "Cache worker for checksums cache (D:\project naira\Dicoding\GithubSubmissionSec\.gradle\checksums)" [_thread_blocked, id=2248, stack(0x0000001992100000,0x0000001992200000)]
  0x000001ac1b826800 JavaThread "Cache worker for cache directory md-supplier (C:\Users\65965\.gradle\caches\7.0.2\md-supplier)" [_thread_blocked, id=4220, stack(0x0000001992200000,0x0000001992300000)]
  0x000001ac1b827000 JavaThread "Cache worker for cache directory md-rule (C:\Users\65965\.gradle\caches\7.0.2\md-rule)" [_thread_blocked, id=2312, stack(0x0000001992300000,0x0000001992400000)]
  0x000001ac1b82b800 JavaThread "Cache worker for execution history cache (C:\Users\65965\.gradle\caches\7.0.2\executionHistory)" [_thread_blocked, id=11248, stack(0x0000001992400000,0x0000001992500000)]
  0x000001ac1b82d000 JavaThread "Cache worker for file content cache (C:\Users\65965\.gradle\caches\7.0.2\fileContent)" [_thread_blocked, id=7248, stack(0x0000001992500000,0x0000001992600000)]
  0x000001ac1b828000 JavaThread "Cache worker for dependencies-accessors (D:\project naira\Dicoding\GithubSubmissionSec\.gradle\7.0.2\dependencies-accessors)" [_thread_blocked, id=13608, stack(0x0000001992800000,0x0000001992900000)]
  0x000001ac1b82e800 JavaThread "Cache worker for Build Output Cleanup Cache (D:\project naira\Dicoding\GithubSubmissionSec\.gradle\buildOutputCleanup)" [_thread_blocked, id=5460, stack(0x0000001992900000,0x0000001992a00000)]
  0x000001ac1b831000 JavaThread "Build operations" [_thread_blocked, id=7436, stack(0x0000001992a00000,0x0000001992b00000)]
  0x000001ac1b832800 JavaThread "Build operations Thread 2" [_thread_blocked, id=12852, stack(0x0000001992b00000,0x0000001992c00000)]
  0x000001ac1b833800 JavaThread "Build operations Thread 3" [_thread_blocked, id=6796, stack(0x0000001992c00000,0x0000001992d00000)]
  0x000001ac1b832000 JavaThread "Build operations Thread 4" [_thread_blocked, id=2688, stack(0x0000001992d00000,0x0000001992e00000)]
  0x000001ac1b834800 JavaThread "Memory manager" [_thread_blocked, id=6768, stack(0x000000198f600000,0x000000198f700000)]
  0x000001ac1d732800 JavaThread "C2 CompilerThread1" daemon [_thread_in_native, id=5056, stack(0x000000198f700000,0x000000198f800000)]

Other Threads:
  0x000001ac18cc9000 VMThread "VM Thread" [stack: 0x000000198fe00000,0x000000198ff00000] [id=2496]
  0x000001ac197c6800 WatcherThread [stack: 0x0000001990800000,0x0000001990900000] [id=2976]
  0x000001ac7e8f6800 GCTaskThread "GC Thread#0" [stack: 0x000000198f900000,0x000000198fa00000] [id=13948]
  0x000001ac19b46000 GCTaskThread "GC Thread#1" [stack: 0x0000001990900000,0x0000001990a00000] [id=14044]
  0x000001ac19a1d800 GCTaskThread "GC Thread#2" [stack: 0x0000001990a00000,0x0000001990b00000] [id=13048]
  0x000001ac19910800 GCTaskThread "GC Thread#3" [stack: 0x0000001991600000,0x0000001991700000] [id=13876]
  0x000001ac7e927000 ConcurrentGCThread "G1 Main Marker" [stack: 0x000000198fa00000,0x000000198fb00000] [id=8852]
  0x000001ac7e928000 ConcurrentGCThread "G1 Conc#0" [stack: 0x000000198fb00000,0x000000198fc00000] [id=7172]
  0x000001ac7e9b7800 ConcurrentGCThread "G1 Refine#0" [stack: 0x000000198fc00000,0x000000198fd00000] [id=11172]
  0x000001ac7e9b8800 ConcurrentGCThread "G1 Young RemSet Sampling" [stack: 0x000000198fd00000,0x000000198fe00000] [id=7088]

Threads with active compile tasks:
C2 CompilerThread0 102646 11941       4       org.gradle.tooling.internal.adapter.ProtocolToModelAdapter$SafeMethodInvoker::invoke (118 bytes)
C1 CompilerThread0 102646 12058       3       org.gradle.api.internal.artifacts.repositories.resolver.VariantMetadataAdapter::<init> (32 bytes)
C2 CompilerThread1 102646 11926       4       org.gradle.tooling.internal.adapter.ProtocolToModelAdapter$InvocationHandlerImpl::invoke (176 bytes)

VM state:not at safepoint (normal execution)

VM Mutex/Monitor currently owned by a thread: None

Heap address: 0x0000000080000000, size: 2048 MB, Compressed Oops mode: 32-bit
Narrow klass base: 0x0000000000000000, Narrow klass shift: 3
Compressed class space size: 1073741824 Address: 0x0000000100000000

Heap:
 garbage-first heap   total 189440K, used 127152K [0x0000000080000000, 0x0000000100000000)
  region size 1024K, 17 young (17408K), 2 survivors (2048K)
 Metaspace       used 102751K, capacity 105262K, committed 105472K, reserved 1140736K
  class space    used 13123K, capacity 14064K, committed 14080K, reserved 1048576K
Heap Regions: E=young(eden), S=young(survivor), O=old, HS=humongous(starts), HC=humongous(continues), CS=collection set, F=free, A=archive, TAMS=top-at-mark-start (previous, next)
|   0|0x0000000080000000, 0x0000000080100000, 0x0000000080100000|100%| O|  |TAMS 0x0000000080100000, 0x0000000080000000| Untracked 
|   1|0x0000000080100000, 0x0000000080200000, 0x0000000080200000|100%| O|  |TAMS 0x0000000080200000, 0x0000000080100000| Untracked 
|   2|0x0000000080200000, 0x0000000080300000, 0x0000000080300000|100%| O|  |TAMS 0x0000000080300000, 0x0000000080200000| Untracked 
|   3|0x0000000080300000, 0x0000000080400000, 0x0000000080400000|100%|HS|  |TAMS 0x0000000080400000, 0x0000000080300000| Complete 
|   4|0x0000000080400000, 0x0000000080500000, 0x0000000080500000|100%|HC|  |TAMS 0x0000000080500000, 0x0000000080400000| Complete 
|   5|0x0000000080500000, 0x0000000080600000, 0x0000000080600000|100%|HC|  |TAMS 0x0000000080600000, 0x0000000080500000| Complete 
|   6|0x0000000080600000, 0x0000000080700000, 0x0000000080700000|100%| O|  |TAMS 0x0000000080700000, 0x0000000080600000| Untracked 
|   7|0x0000000080700000, 0x0000000080800000, 0x0000000080800000|100%| O|  |TAMS 0x0000000080800000, 0x0000000080700000| Untracked 
|   8|0x0000000080800000, 0x0000000080900000, 0x0000000080900000|100%| O|  |TAMS 0x0000000080900000, 0x0000000080800000| Untracked 
|   9|0x0000000080900000, 0x0000000080a00000, 0x0000000080a00000|100%| O|  |TAMS 0x0000000080a00000, 0x0000000080900000| Untracked 
|  10|0x0000000080a00000, 0x0000000080b00000, 0x0000000080b00000|100%| O|  |TAMS 0x0000000080b00000, 0x0000000080a00000| Untracked 
|  11|0x0000000080b00000, 0x0000000080c00000, 0x0000000080c00000|100%| O|  |TAMS 0x0000000080c00000, 0x0000000080b00000| Untracked 
|  12|0x0000000080c00000, 0x0000000080d00000, 0x0000000080d00000|100%| O|  |TAMS 0x0000000080d00000, 0x0000000080c00000| Untracked 
|  13|0x0000000080d00000, 0x0000000080e00000, 0x0000000080e00000|100%| O|  |TAMS 0x0000000080e00000, 0x0000000080d00000| Untracked 
|  14|0x0000000080e00000, 0x0000000080f00000, 0x0000000080f00000|100%| O|  |TAMS 0x0000000080f00000, 0x0000000080e00000| Untracked 
|  15|0x0000000080f00000, 0x0000000081000000, 0x0000000081000000|100%| O|  |TAMS 0x0000000081000000, 0x0000000080f00000| Untracked 
|  16|0x0000000081000000, 0x0000000081100000, 0x0000000081100000|100%| O|  |TAMS 0x0000000081100000, 0x0000000081000000| Untracked 
|  17|0x0000000081100000, 0x0000000081200000, 0x0000000081200000|100%|HS|  |TAMS 0x0000000081200000, 0x0000000081100000| Complete 
|  18|0x0000000081200000, 0x0000000081300000, 0x0000000081300000|100%|HC|  |TAMS 0x0000000081300000, 0x0000000081200000| Complete 
|  19|0x0000000081300000, 0x0000000081400000, 0x0000000081400000|100%|HS|  |TAMS 0x0000000081400000, 0x0000000081300000| Complete 
|  20|0x0000000081400000, 0x0000000081500000, 0x0000000081500000|100%|HC|  |TAMS 0x0000000081500000, 0x0000000081400000| Complete 
|  21|0x0000000081500000, 0x0000000081600000, 0x0000000081600000|100%|HC|  |TAMS 0x0000000081600000, 0x0000000081500000| Complete 
|  22|0x0000000081600000, 0x0000000081700000, 0x0000000081700000|100%|HS|  |TAMS 0x0000000081700000, 0x0000000081600000| Complete 
|  23|0x0000000081700000, 0x0000000081800000, 0x0000000081800000|100%|HC|  |TAMS 0x0000000081800000, 0x0000000081700000| Complete 
|  24|0x0000000081800000, 0x0000000081900000, 0x0000000081900000|100%|HC|  |TAMS 0x0000000081900000, 0x0000000081800000| Complete 
|  25|0x0000000081900000, 0x0000000081a00000, 0x0000000081a00000|100%|HC|  |TAMS 0x0000000081a00000, 0x0000000081900000| Complete 
|  26|0x0000000081a00000, 0x0000000081b00000, 0x0000000081b00000|100%|HC|  |TAMS 0x0000000081b00000, 0x0000000081a00000| Complete 
|  27|0x0000000081b00000, 0x0000000081c00000, 0x0000000081c00000|100%| O|  |TAMS 0x0000000081c00000, 0x0000000081b00000| Untracked 
|  28|0x0000000081c00000, 0x0000000081d00000, 0x0000000081d00000|100%| O|  |TAMS 0x0000000081d00000, 0x0000000081c00000| Untracked 
|  29|0x0000000081d00000, 0x0000000081e00000, 0x0000000081e00000|100%|HS|  |TAMS 0x0000000081e00000, 0x0000000081d00000| Complete 
|  30|0x0000000081e00000, 0x0000000081f00000, 0x0000000081f00000|100%|HC|  |TAMS 0x0000000081f00000, 0x0000000081e00000| Complete 
|  31|0x0000000081f00000, 0x0000000082000000, 0x0000000082000000|100%|HC|  |TAMS 0x0000000082000000, 0x0000000081f00000| Complete 
|  32|0x0000000082000000, 0x0000000082100000, 0x0000000082100000|100%| O|  |TAMS 0x0000000082100000, 0x0000000082000000| Untracked 
|  33|0x0000000082100000, 0x0000000082200000, 0x0000000082200000|100%| O|  |TAMS 0x0000000082200000, 0x0000000082100000| Untracked 
|  34|0x0000000082200000, 0x0000000082300000, 0x0000000082300000|100%| O|  |TAMS 0x0000000082300000, 0x0000000082200000| Untracked 
|  35|0x0000000082300000, 0x0000000082400000, 0x0000000082400000|100%|HS|  |TAMS 0x0000000082400000, 0x0000000082300000| Complete 
|  36|0x0000000082400000, 0x0000000082500000, 0x0000000082500000|100%|HC|  |TAMS 0x0000000082500000, 0x0000000082400000| Complete 
|  37|0x0000000082500000, 0x0000000082600000, 0x0000000082600000|100%|HC|  |TAMS 0x0000000082600000, 0x0000000082500000| Complete 
|  38|0x0000000082600000, 0x0000000082700000, 0x0000000082700000|100%|HC|  |TAMS 0x0000000082700000, 0x0000000082600000| Complete 
|  39|0x0000000082700000, 0x0000000082800000, 0x0000000082800000|100%|HC|  |TAMS 0x0000000082800000, 0x0000000082700000| Complete 
|  40|0x0000000082800000, 0x0000000082900000, 0x0000000082900000|100%| O|  |TAMS 0x0000000082900000, 0x0000000082800000| Untracked 
|  41|0x0000000082900000, 0x0000000082a00000, 0x0000000082a00000|100%| O|  |TAMS 0x0000000082a00000, 0x0000000082900000| Untracked 
|  42|0x0000000082a00000, 0x0000000082b00000, 0x0000000082b00000|100%|HS|  |TAMS 0x0000000082b00000, 0x0000000082a00000| Complete 
|  43|0x0000000082b00000, 0x0000000082c00000, 0x0000000082c00000|100%| O|  |TAMS 0x0000000082c00000, 0x0000000082b00000| Untracked 
|  44|0x0000000082c00000, 0x0000000082d00000, 0x0000000082d00000|100%| O|  |TAMS 0x0000000082d00000, 0x0000000082c00000| Untracked 
|  45|0x0000000082d00000, 0x0000000082e00000, 0x0000000082e00000|100%| O|  |TAMS 0x0000000082e00000, 0x0000000082d00000| Untracked 
|  46|0x0000000082e00000, 0x0000000082f00000, 0x0000000082f00000|100%| O|  |TAMS 0x0000000082f00000, 0x0000000082e00000| Untracked 
|  47|0x0000000082f00000, 0x0000000083000000, 0x0000000083000000|100%| O|  |TAMS 0x0000000083000000, 0x0000000082f00000| Untracked 
|  48|0x0000000083000000, 0x0000000083100000, 0x0000000083100000|100%| O|  |TAMS 0x0000000083100000, 0x0000000083000000| Untracked 
|  49|0x0000000083100000, 0x0000000083200000, 0x0000000083200000|100%| O|  |TAMS 0x0000000083200000, 0x0000000083100000| Untracked 
|  50|0x0000000083200000, 0x0000000083300000, 0x0000000083300000|100%|HS|  |TAMS 0x0000000083300000, 0x0000000083200000| Complete 
|  51|0x0000000083300000, 0x0000000083400000, 0x0000000083400000|100%|HS|  |TAMS 0x0000000083400000, 0x0000000083300000| Complete 
|  52|0x0000000083400000, 0x0000000083500000, 0x0000000083500000|100%| O|  |TAMS 0x0000000083500000, 0x0000000083400000| Untracked 
|  53|0x0000000083500000, 0x0000000083600000, 0x0000000083600000|100%| O|  |TAMS 0x0000000083600000, 0x0000000083500000| Untracked 
|  54|0x0000000083600000, 0x0000000083700000, 0x0000000083700000|100%| O|  |TAMS 0x0000000083700000, 0x0000000083600000| Untracked 
|  55|0x0000000083700000, 0x0000000083800000, 0x0000000083800000|100%| O|  |TAMS 0x0000000083800000, 0x0000000083700000| Untracked 
|  56|0x0000000083800000, 0x0000000083900000, 0x0000000083900000|100%| O|  |TAMS 0x0000000083900000, 0x0000000083800000| Untracked 
|  57|0x0000000083900000, 0x0000000083a00000, 0x0000000083a00000|100%| O|  |TAMS 0x0000000083a00000, 0x0000000083900000| Untracked 
|  58|0x0000000083a00000, 0x0000000083b00000, 0x0000000083b00000|100%| O|  |TAMS 0x0000000083b00000, 0x0000000083a00000| Untracked 
|  59|0x0000000083b00000, 0x0000000083c00000, 0x0000000083c00000|100%| O|  |TAMS 0x0000000083c00000, 0x0000000083b00000| Untracked 
|  60|0x0000000083c00000, 0x0000000083d00000, 0x0000000083d00000|100%| O|  |TAMS 0x0000000083d00000, 0x0000000083c00000| Untracked 
|  61|0x0000000083d00000, 0x0000000083e00000, 0x0000000083e00000|100%|HS|  |TAMS 0x0000000083e00000, 0x0000000083d00000| Complete 
|  62|0x0000000083e00000, 0x0000000083f00000, 0x0000000083f00000|100%|HC|  |TAMS 0x0000000083f00000, 0x0000000083e00000| Complete 
|  63|0x0000000083f00000, 0x0000000084000000, 0x0000000084000000|100%|HC|  |TAMS 0x0000000084000000, 0x0000000083f00000| Complete 
|  64|0x0000000084000000, 0x0000000084100000, 0x0000000084100000|100%|HS|  |TAMS 0x0000000084100000, 0x0000000084000000| Complete 
|  65|0x0000000084100000, 0x0000000084200000, 0x0000000084200000|100%|HC|  |TAMS 0x0000000084200000, 0x0000000084100000| Complete 
|  66|0x0000000084200000, 0x0000000084300000, 0x0000000084300000|100%| O|  |TAMS 0x0000000084300000, 0x0000000084200000| Untracked 
|  67|0x0000000084300000, 0x0000000084400000, 0x0000000084400000|100%| O|  |TAMS 0x0000000084400000, 0x0000000084300000| Untracked 
|  68|0x0000000084400000, 0x0000000084500000, 0x0000000084500000|100%| O|  |TAMS 0x0000000084500000, 0x0000000084400000| Untracked 
|  69|0x0000000084500000, 0x0000000084600000, 0x0000000084600000|100%| O|  |TAMS 0x0000000084600000, 0x0000000084500000| Untracked 
|  70|0x0000000084600000, 0x0000000084700000, 0x0000000084700000|100%| O|  |TAMS 0x0000000084700000, 0x0000000084600000| Untracked 
|  71|0x0000000084700000, 0x0000000084800000, 0x0000000084800000|100%| O|  |TAMS 0x0000000084800000, 0x0000000084700000| Untracked 
|  72|0x0000000084800000, 0x0000000084900000, 0x0000000084900000|100%| O|  |TAMS 0x0000000084900000, 0x0000000084800000| Untracked 
|  73|0x0000000084900000, 0x0000000084a00000, 0x0000000084a00000|100%| O|  |TAMS 0x0000000084a00000, 0x0000000084900000| Untracked 
|  74|0x0000000084a00000, 0x0000000084b00000, 0x0000000084b00000|100%| O|  |TAMS 0x0000000084b00000, 0x0000000084a00000| Untracked 
|  75|0x0000000084b00000, 0x0000000084c00000, 0x0000000084c00000|100%| O|  |TAMS 0x0000000084c00000, 0x0000000084b00000| Untracked 
|  76|0x0000000084c00000, 0x0000000084d00000, 0x0000000084d00000|100%| O|  |TAMS 0x0000000084d00000, 0x0000000084c00000| Untracked 
|  77|0x0000000084d00000, 0x0000000084e00000, 0x0000000084e00000|100%| O|  |TAMS 0x0000000084e00000, 0x0000000084d00000| Untracked 
|  78|0x0000000084e00000, 0x0000000084f00000, 0x0000000084f00000|100%| O|  |TAMS 0x0000000084f00000, 0x0000000084e00000| Untracked 
|  79|0x0000000084f00000, 0x0000000085000000, 0x0000000085000000|100%| O|  |TAMS 0x0000000085000000, 0x0000000084f00000| Untracked 
|  80|0x0000000085000000, 0x0000000085100000, 0x0000000085100000|100%| O|  |TAMS 0x0000000085100000, 0x0000000085000000| Untracked 
|  81|0x0000000085100000, 0x0000000085200000, 0x0000000085200000|100%| O|  |TAMS 0x0000000085200000, 0x0000000085100000| Untracked 
|  82|0x0000000085200000, 0x0000000085300000, 0x0000000085300000|100%| O|  |TAMS 0x0000000085300000, 0x0000000085200000| Untracked 
|  83|0x0000000085300000, 0x0000000085400000, 0x0000000085400000|100%| O|  |TAMS 0x0000000085400000, 0x0000000085300000| Untracked 
|  84|0x0000000085400000, 0x0000000085500000, 0x0000000085500000|100%| O|  |TAMS 0x0000000085500000, 0x0000000085400000| Untracked 
|  85|0x0000000085500000, 0x0000000085600000, 0x0000000085600000|100%| O|  |TAMS 0x0000000085600000, 0x0000000085500000| Untracked 
|  86|0x0000000085600000, 0x0000000085700000, 0x0000000085700000|100%| O|  |TAMS 0x0000000085700000, 0x0000000085600000| Untracked 
|  87|0x0000000085700000, 0x0000000085800000, 0x0000000085800000|100%| O|  |TAMS 0x0000000085800000, 0x0000000085700000| Untracked 
|  88|0x0000000085800000, 0x0000000085900000, 0x0000000085900000|100%| O|  |TAMS 0x0000000085900000, 0x0000000085800000| Untracked 
|  89|0x0000000085900000, 0x0000000085a00000, 0x0000000085a00000|100%| O|  |TAMS 0x0000000085a00000, 0x0000000085900000| Untracked 
|  90|0x0000000085a00000, 0x0000000085b00000, 0x0000000085b00000|100%| O|  |TAMS 0x0000000085b00000, 0x0000000085a00000| Untracked 
|  91|0x0000000085b00000, 0x0000000085c00000, 0x0000000085c00000|100%| O|  |TAMS 0x0000000085c00000, 0x0000000085b00000| Untracked 
|  92|0x0000000085c00000, 0x0000000085d00000, 0x0000000085d00000|100%| O|  |TAMS 0x0000000085d00000, 0x0000000085c00000| Untracked 
|  93|0x0000000085d00000, 0x0000000085e00000, 0x0000000085e00000|100%| O|  |TAMS 0x0000000085e00000, 0x0000000085d00000| Untracked 
|  94|0x0000000085e00000, 0x0000000085f00000, 0x0000000085f00000|100%| O|  |TAMS 0x0000000085f00000, 0x0000000085e00000| Untracked 
|  95|0x0000000085f00000, 0x0000000086000000, 0x0000000086000000|100%| O|  |TAMS 0x0000000086000000, 0x0000000085f00000| Untracked 
|  96|0x0000000086000000, 0x0000000086100000, 0x0000000086100000|100%| O|  |TAMS 0x0000000086100000, 0x0000000086000000| Untracked 
|  97|0x0000000086100000, 0x0000000086200000, 0x0000000086200000|100%| O|  |TAMS 0x0000000086200000, 0x0000000086100000| Untracked 
|  98|0x0000000086200000, 0x0000000086300000, 0x0000000086300000|100%| O|  |TAMS 0x0000000086300000, 0x0000000086200000| Untracked 
|  99|0x0000000086300000, 0x0000000086400000, 0x0000000086400000|100%| O|  |TAMS 0x0000000086400000, 0x0000000086300000| Untracked 
| 100|0x0000000086400000, 0x0000000086500000, 0x0000000086500000|100%| O|  |TAMS 0x0000000086500000, 0x0000000086400000| Untracked 
| 101|0x0000000086500000, 0x0000000086600000, 0x0000000086600000|100%| O|  |TAMS 0x0000000086600000, 0x0000000086500000| Untracked 
| 102|0x0000000086600000, 0x0000000086700000, 0x0000000086700000|100%| O|  |TAMS 0x0000000086700000, 0x0000000086600000| Untracked 
| 103|0x0000000086700000, 0x0000000086800000, 0x0000000086800000|100%| O|  |TAMS 0x0000000086800000, 0x0000000086700000| Untracked 
| 104|0x0000000086800000, 0x0000000086900000, 0x0000000086900000|100%| O|  |TAMS 0x0000000086900000, 0x0000000086800000| Untracked 
| 105|0x0000000086900000, 0x0000000086a00000, 0x0000000086a00000|100%| O|  |TAMS 0x0000000086a00000, 0x0000000086900000| Untracked 
| 106|0x0000000086a00000, 0x0000000086b00000, 0x0000000086b00000|100%| O|  |TAMS 0x0000000086b00000, 0x0000000086a00000| Untracked 
| 107|0x0000000086b00000, 0x0000000086c00000, 0x0000000086c00000|100%| O|  |TAMS 0x0000000086c00000, 0x0000000086b00000| Untracked 
| 108|0x0000000086c00000, 0x0000000086ccf200, 0x0000000086d00000| 80%| O|  |TAMS 0x0000000086ccf200, 0x0000000086c00000| Untracked 
| 109|0x0000000086d00000, 0x0000000086d00000, 0x0000000086e00000|  0%| F|  |TAMS 0x0000000086d00000, 0x0000000086d00000| Untracked 
| 110|0x0000000086e00000, 0x0000000086e00000, 0x0000000086f00000|  0%| F|  |TAMS 0x0000000086e00000, 0x0000000086e00000| Untracked 
| 111|0x0000000086f00000, 0x0000000086f00000, 0x0000000087000000|  0%| F|  |TAMS 0x0000000086f00000, 0x0000000086f00000| Untracked 
| 112|0x0000000087000000, 0x0000000087000000, 0x0000000087100000|  0%| F|  |TAMS 0x0000000087000000, 0x0000000087000000| Untracked 
| 113|0x0000000087100000, 0x0000000087100000, 0x0000000087200000|  0%| F|  |TAMS 0x0000000087100000, 0x0000000087100000| Untracked 
| 114|0x0000000087200000, 0x0000000087200000, 0x0000000087300000|  0%| F|  |TAMS 0x0000000087200000, 0x0000000087200000| Untracked 
| 115|0x0000000087300000, 0x0000000087300000, 0x0000000087400000|  0%| F|  |TAMS 0x0000000087300000, 0x0000000087300000| Untracked 
| 116|0x0000000087400000, 0x0000000087400000, 0x0000000087500000|  0%| F|  |TAMS 0x0000000087400000, 0x0000000087400000| Untracked 
| 117|0x0000000087500000, 0x0000000087500000, 0x0000000087600000|  0%| F|  |TAMS 0x0000000087500000, 0x0000000087500000| Untracked 
| 118|0x0000000087600000, 0x0000000087600000, 0x0000000087700000|  0%| F|  |TAMS 0x0000000087600000, 0x0000000087600000| Untracked 
| 119|0x0000000087700000, 0x0000000087700000, 0x0000000087800000|  0%| F|  |TAMS 0x0000000087700000, 0x0000000087700000| Untracked 
| 120|0x0000000087800000, 0x0000000087800000, 0x0000000087900000|  0%| F|  |TAMS 0x0000000087800000, 0x0000000087800000| Untracked 
| 121|0x0000000087900000, 0x0000000087900000, 0x0000000087a00000|  0%| F|  |TAMS 0x0000000087900000, 0x0000000087900000| Untracked 
| 122|0x0000000087a00000, 0x0000000087a00000, 0x0000000087b00000|  0%| F|  |TAMS 0x0000000087a00000, 0x0000000087a00000| Untracked 
| 123|0x0000000087b00000, 0x0000000087b00000, 0x0000000087c00000|  0%| F|  |TAMS 0x0000000087b00000, 0x0000000087b00000| Untracked 
| 124|0x0000000087c00000, 0x0000000087c00000, 0x0000000087d00000|  0%| F|  |TAMS 0x0000000087c00000, 0x0000000087c00000| Untracked 
| 125|0x0000000087d00000, 0x0000000087d00000, 0x0000000087e00000|  0%| F|  |TAMS 0x0000000087d00000, 0x0000000087d00000| Untracked 
| 126|0x0000000087e00000, 0x0000000087e00000, 0x0000000087f00000|  0%| F|  |TAMS 0x0000000087e00000, 0x0000000087e00000| Untracked 
| 127|0x0000000087f00000, 0x0000000087f00000, 0x0000000088000000|  0%| F|  |TAMS 0x0000000087f00000, 0x0000000087f00000| Untracked 
| 128|0x0000000088000000, 0x0000000088000000, 0x0000000088100000|  0%| F|  |TAMS 0x0000000088000000, 0x0000000088000000| Untracked 
| 129|0x0000000088100000, 0x0000000088100000, 0x0000000088200000|  0%| F|  |TAMS 0x0000000088100000, 0x0000000088100000| Untracked 
| 130|0x0000000088200000, 0x0000000088200000, 0x0000000088300000|  0%| F|  |TAMS 0x0000000088200000, 0x0000000088200000| Untracked 
| 131|0x0000000088300000, 0x0000000088300000, 0x0000000088400000|  0%| F|  |TAMS 0x0000000088300000, 0x0000000088300000| Untracked 
| 132|0x0000000088400000, 0x0000000088400000, 0x0000000088500000|  0%| F|  |TAMS 0x0000000088400000, 0x0000000088400000| Untracked 
| 133|0x0000000088500000, 0x0000000088500000, 0x0000000088600000|  0%| F|  |TAMS 0x0000000088500000, 0x0000000088500000| Untracked 
| 134|0x0000000088600000, 0x0000000088600000, 0x0000000088700000|  0%| F|  |TAMS 0x0000000088600000, 0x0000000088600000| Untracked 
| 135|0x0000000088700000, 0x0000000088700000, 0x0000000088800000|  0%| F|  |TAMS 0x0000000088700000, 0x0000000088700000| Untracked 
| 136|0x0000000088800000, 0x0000000088800000, 0x0000000088900000|  0%| F|  |TAMS 0x0000000088800000, 0x0000000088800000| Untracked 
| 137|0x0000000088900000, 0x000000008895cfb8, 0x0000000088a00000| 36%| S|CS|TAMS 0x0000000088900000, 0x0000000088900000| Complete 
| 138|0x0000000088a00000, 0x0000000088b00000, 0x0000000088b00000|100%| S|CS|TAMS 0x0000000088a00000, 0x0000000088a00000| Complete 
| 139|0x0000000088b00000, 0x0000000088b00000, 0x0000000088c00000|  0%| F|  |TAMS 0x0000000088b00000, 0x0000000088b00000| Untracked 
| 140|0x0000000088c00000, 0x0000000088c00000, 0x0000000088d00000|  0%| F|  |TAMS 0x0000000088c00000, 0x0000000088c00000| Untracked 
| 141|0x0000000088d00000, 0x0000000088d00000, 0x0000000088e00000|  0%| F|  |TAMS 0x0000000088d00000, 0x0000000088d00000| Untracked 
| 142|0x0000000088e00000, 0x0000000088e00000, 0x0000000088f00000|  0%| F|  |TAMS 0x0000000088e00000, 0x0000000088e00000| Untracked 
| 143|0x0000000088f00000, 0x0000000088f00000, 0x0000000089000000|  0%| F|  |TAMS 0x0000000088f00000, 0x0000000088f00000| Untracked 
| 144|0x0000000089000000, 0x0000000089000000, 0x0000000089100000|  0%| F|  |TAMS 0x0000000089000000, 0x0000000089000000| Untracked 
| 145|0x0000000089100000, 0x0000000089100000, 0x0000000089200000|  0%| F|  |TAMS 0x0000000089100000, 0x0000000089100000| Untracked 
| 146|0x0000000089200000, 0x0000000089200000, 0x0000000089300000|  0%| F|  |TAMS 0x0000000089200000, 0x0000000089200000| Untracked 
| 147|0x0000000089300000, 0x0000000089300000, 0x0000000089400000|  0%| F|  |TAMS 0x0000000089300000, 0x0000000089300000| Untracked 
| 148|0x0000000089400000, 0x0000000089400000, 0x0000000089500000|  0%| F|  |TAMS 0x0000000089400000, 0x0000000089400000| Untracked 
| 149|0x0000000089500000, 0x0000000089500000, 0x0000000089600000|  0%| F|  |TAMS 0x0000000089500000, 0x0000000089500000| Untracked 
| 150|0x0000000089600000, 0x0000000089600000, 0x0000000089700000|  0%| F|  |TAMS 0x0000000089600000, 0x0000000089600000| Untracked 
| 151|0x0000000089700000, 0x0000000089700000, 0x0000000089800000|  0%| F|  |TAMS 0x0000000089700000, 0x0000000089700000| Untracked 
| 152|0x0000000089800000, 0x0000000089800000, 0x0000000089900000|  0%| F|  |TAMS 0x0000000089800000, 0x0000000089800000| Untracked 
| 153|0x0000000089900000, 0x0000000089900000, 0x0000000089a00000|  0%| F|  |TAMS 0x0000000089900000, 0x0000000089900000| Untracked 
| 154|0x0000000089a00000, 0x0000000089a00000, 0x0000000089b00000|  0%| F|  |TAMS 0x0000000089a00000, 0x0000000089a00000| Untracked 
| 155|0x0000000089b00000, 0x0000000089b00000, 0x0000000089c00000|  0%| F|  |TAMS 0x0000000089b00000, 0x0000000089b00000| Untracked 
| 156|0x0000000089c00000, 0x0000000089c00000, 0x0000000089d00000|  0%| F|  |TAMS 0x0000000089c00000, 0x0000000089c00000| Untracked 
| 157|0x0000000089d00000, 0x0000000089d00000, 0x0000000089e00000|  0%| F|  |TAMS 0x0000000089d00000, 0x0000000089d00000| Untracked 
| 158|0x0000000089e00000, 0x0000000089e00000, 0x0000000089f00000|  0%| F|  |TAMS 0x0000000089e00000, 0x0000000089e00000| Untracked 
| 159|0x0000000089f00000, 0x0000000089f00000, 0x000000008a000000|  0%| F|  |TAMS 0x0000000089f00000, 0x0000000089f00000| Untracked 
| 160|0x000000008a000000, 0x000000008a000000, 0x000000008a100000|  0%| F|  |TAMS 0x000000008a000000, 0x000000008a000000| Untracked 
| 161|0x000000008a100000, 0x000000008a100000, 0x000000008a200000|  0%| F|  |TAMS 0x000000008a100000, 0x000000008a100000| Untracked 
| 162|0x000000008a200000, 0x000000008a200000, 0x000000008a300000|  0%| F|  |TAMS 0x000000008a200000, 0x000000008a200000| Untracked 
| 163|0x000000008a300000, 0x000000008a300000, 0x000000008a400000|  0%| F|  |TAMS 0x000000008a300000, 0x000000008a300000| Untracked 
| 164|0x000000008a400000, 0x000000008a400000, 0x000000008a500000|  0%| F|  |TAMS 0x000000008a400000, 0x000000008a400000| Untracked 
| 165|0x000000008a500000, 0x000000008a500000, 0x000000008a600000|  0%| F|  |TAMS 0x000000008a500000, 0x000000008a500000| Untracked 
| 166|0x000000008a600000, 0x000000008a600000, 0x000000008a700000|  0%| F|  |TAMS 0x000000008a600000, 0x000000008a600000| Untracked 
| 167|0x000000008a700000, 0x000000008a700000, 0x000000008a800000|  0%| F|  |TAMS 0x000000008a700000, 0x000000008a700000| Untracked 
| 168|0x000000008a800000, 0x000000008a800000, 0x000000008a900000|  0%| F|  |TAMS 0x000000008a800000, 0x000000008a800000| Untracked 
| 169|0x000000008a900000, 0x000000008a981010, 0x000000008aa00000| 50%| E|  |TAMS 0x000000008a900000, 0x000000008a900000| Complete 
| 170|0x000000008aa00000, 0x000000008ab00000, 0x000000008ab00000|100%| E|CS|TAMS 0x000000008aa00000, 0x000000008aa00000| Complete 
| 171|0x000000008ab00000, 0x000000008ac00000, 0x000000008ac00000|100%| E|CS|TAMS 0x000000008ab00000, 0x000000008ab00000| Complete 
| 172|0x000000008ac00000, 0x000000008ad00000, 0x000000008ad00000|100%| E|CS|TAMS 0x000000008ac00000, 0x000000008ac00000| Complete 
| 173|0x000000008ad00000, 0x000000008ae00000, 0x000000008ae00000|100%| E|CS|TAMS 0x000000008ad00000, 0x000000008ad00000| Complete 
| 174|0x000000008ae00000, 0x000000008af00000, 0x000000008af00000|100%| E|CS|TAMS 0x000000008ae00000, 0x000000008ae00000| Complete 
| 175|0x000000008af00000, 0x000000008b000000, 0x000000008b000000|100%| E|CS|TAMS 0x000000008af00000, 0x000000008af00000| Complete 
| 176|0x000000008b000000, 0x000000008b100000, 0x000000008b100000|100%| E|CS|TAMS 0x000000008b000000, 0x000000008b000000| Complete 
| 177|0x000000008b100000, 0x000000008b200000, 0x000000008b200000|100%| E|CS|TAMS 0x000000008b100000, 0x000000008b100000| Complete 
| 178|0x000000008b200000, 0x000000008b300000, 0x000000008b300000|100%| E|CS|TAMS 0x000000008b200000, 0x000000008b200000| Complete 
| 179|0x000000008b300000, 0x000000008b400000, 0x000000008b400000|100%| E|CS|TAMS 0x000000008b300000, 0x000000008b300000| Complete 
| 180|0x000000008b400000, 0x000000008b500000, 0x000000008b500000|100%| E|CS|TAMS 0x000000008b400000, 0x000000008b400000| Complete 
| 181|0x000000008b500000, 0x000000008b600000, 0x000000008b600000|100%| E|CS|TAMS 0x000000008b500000, 0x000000008b500000| Complete 
| 182|0x000000008b600000, 0x000000008b700000, 0x000000008b700000|100%| E|CS|TAMS 0x000000008b600000, 0x000000008b600000| Complete 
| 183|0x000000008b700000, 0x000000008b800000, 0x000000008b800000|100%| E|CS|TAMS 0x000000008b700000, 0x000000008b700000| Complete 
| 184|0x000000008b800000, 0x000000008b900000, 0x000000008b900000|100%| E|CS|TAMS 0x000000008b800000, 0x000000008b800000| Complete 

Card table byte_map: [0x000001ac7f3e0000,0x000001ac7f7e0000] _byte_map_base: 0x000001ac7efe0000

Marking Bits (Prev, Next): (CMBitMap*) 0x000001ac7e91e0d8, (CMBitMap*) 0x000001ac7e91e110
 Prev Bits: [0x000001ac12a10000, 0x000001ac14a10000)
 Next Bits: [0x000001ac14a10000, 0x000001ac16a10000)

Polling page: 0x000001ac7cfe0000

Metaspace:

Usage:
  Non-class:     89.06 MB capacity,    87.53 MB ( 98%) used,     1.26 MB (  1%) free+waste,   275.88 KB ( <1%) overhead. 
      Class:     13.73 MB capacity,    12.82 MB ( 93%) used,   813.77 KB (  6%) free+waste,   126.69 KB ( <1%) overhead. 
       Both:    102.79 MB capacity,   100.34 MB ( 98%) used,     2.06 MB (  2%) free+waste,   402.56 KB ( <1%) overhead. 

Virtual space:
  Non-class space:       90.00 MB reserved,      89.25 MB (>99%) committed 
      Class space:        1.00 GB reserved,      13.75 MB (  1%) committed 
             Both:        1.09 GB reserved,     103.00 MB (  9%) committed 

Chunk freelists:
   Non-Class:  2.00 KB
       Class:  16.00 KB
        Both:  18.00 KB

MaxMetaspaceSize: 17179869184.00 GB
CompressedClassSpaceSize: 1.00 GB

CodeHeap 'non-profiled nmethods': size=120064Kb used=7195Kb max_used=7195Kb free=112868Kb
 bounds [0x000001ac0b4d0000, 0x000001ac0bbe0000, 0x000001ac12a10000]
CodeHeap 'profiled nmethods': size=120000Kb used=27414Kb max_used=27414Kb free=92585Kb
 bounds [0x000001ac03fa0000, 0x000001ac05a70000, 0x000001ac0b4d0000]
CodeHeap 'non-nmethods': size=5696Kb used=2325Kb max_used=2351Kb free=3370Kb
 bounds [0x000001ac03a10000, 0x000001ac03c80000, 0x000001ac03fa0000]
 total_blobs=12967 nmethods=12031 adapters=845
 compilation: enabled
              stopped_count=0, restarted_count=0
 full_count=0

Compilation events (20 events):
Event: 102.168 Thread 0x000001ac18cf0800 12045       3       org.gradle.internal.component.external.model.DefaultModuleComponentArtifactMetadata::getId (5 bytes)
Event: 102.168 Thread 0x000001ac18cf0800 nmethod 12045 0x000001ac05a5b110 code [0x000001ac05a5b2c0, 0x000001ac05a5b458]
Event: 102.208 Thread 0x000001ac18cf0800 12046       3       org.gradle.tooling.internal.adapter.ProtocolToModelAdapter$SupportedPropertyInvoker::invoke (154 bytes)
Event: 102.210 Thread 0x000001ac18cf0800 nmethod 12046 0x000001ac05a5b510 code [0x000001ac05a5b820, 0x000001ac05a5c6e8]
Event: 102.210 Thread 0x000001ac18cf0800 12047       3       org.gradle.tooling.internal.adapter.ProtocolToModelAdapter$SafeMethodInvoker::invoke (118 bytes)
Event: 102.211 Thread 0x000001ac18cf0800 nmethod 12047 0x000001ac05a5cc90 code [0x000001ac05a5cf00, 0x000001ac05a5d8b8]
Event: 102.211 Thread 0x000001ac18cf0800 12048       3       org.gradle.tooling.internal.adapter.ProtocolToModelAdapter$PropertyCachingMethodInvoker::invoke (110 bytes)
Event: 102.212 Thread 0x000001ac18cf0800 nmethod 12048 0x000001ac05a5db90 code [0x000001ac05a5de80, 0x000001ac05a5eee8]
Event: 102.212 Thread 0x000001ac18cf0800 12049       3       org.gradle.tooling.internal.adapter.MethodInvocation::isGetter (21 bytes)
Event: 102.212 Thread 0x000001ac18cf0800 nmethod 12049 0x000001ac05a5f390 code [0x000001ac05a5f560, 0x000001ac05a5f728]
Event: 102.212 Thread 0x000001ac18cf0800 12050       3       org.gradle.tooling.internal.adapter.MethodInvocation::isIsOrGet (52 bytes)
Event: 102.213 Thread 0x000001ac18cf0800 nmethod 12050 0x000001ac05a5f810 code [0x000001ac05a5fa20, 0x000001ac05a5ff98]
Event: 102.213 Thread 0x000001ac18cf0800 12051       3       org.gradle.tooling.internal.adapter.MethodInvocation::<init> (50 bytes)
Event: 102.213 Thread 0x000001ac18cf0800 nmethod 12051 0x000001ac05a60210 code [0x000001ac05a603e0, 0x000001ac05a60838]
Event: 102.555 Thread 0x000001ac18cf0800 12052       3       com.android.ide.gradle.model.artifacts.samples.SamplesVariantRule$Inject::getObjectFactory (31 bytes)
Event: 102.556 Thread 0x000001ac18cf0800 nmethod 12052 0x000001ac05a60910 code [0x000001ac05a60b00, 0x000001ac05a61118]
Event: 102.556 Thread 0x000001ac18cf0800 12054       3       org.gradle.api.internal.artifacts.ivyservice.ivyresolve.ErrorHandlingModuleComponentRepository$ErrorHandlingModuleComponentRepositoryAccess::lambda$resolveArtifact$15 (42 bytes)
Event: 102.556 Thread 0x000001ac18cf0800 nmethod 12054 0x000001ac05a61310 code [0x000001ac05a61500, 0x000001ac05a619c8]
Event: 102.556 Thread 0x000001ac18cf0800 12053       3       org.gradle.internal.rules.NoInputsRuleAction::getInputTypes (4 bytes)
Event: 102.556 Thread 0x000001ac18cf0800 nmethod 12053 0x000001ac05a61b10 code [0x000001ac05a61cc0, 0x000001ac05a61e18]

GC Heap History (20 events):
Event: 97.103 GC heap before
{Heap before GC invocations=71 (full 0):
 garbage-first heap   total 131072K, used 115439K [0x0000000080000000, 0x0000000100000000)
  region size 1024K, 8 young (8192K), 1 survivors (1024K)
 Metaspace       used 96570K, capacity 99071K, committed 99328K, reserved 1134592K
  class space    used 12379K, capacity 13309K, committed 13312K, reserved 1048576K
}
Event: 97.108 GC heap after
{Heap after GC invocations=72 (full 0):
 garbage-first heap   total 131072K, used 108488K [0x0000000080000000, 0x0000000100000000)
  region size 1024K, 1 young (1024K), 1 survivors (1024K)
 Metaspace       used 96570K, capacity 99071K, committed 99328K, reserved 1134592K
  class space    used 12379K, capacity 13309K, committed 13312K, reserved 1048576K
}
Event: 97.242 GC heap before
{Heap before GC invocations=73 (full 0):
 garbage-first heap   total 131072K, used 114632K [0x0000000080000000, 0x0000000100000000)
  region size 1024K, 7 young (7168K), 1 survivors (1024K)
 Metaspace       used 96949K, capacity 99423K, committed 99712K, reserved 1136640K
  class space    used 12437K, capacity 13341K, committed 13440K, reserved 1048576K
}
Event: 97.246 GC heap after
{Heap after GC invocations=74 (full 0):
 garbage-first heap   total 131072K, used 108569K [0x0000000080000000, 0x0000000100000000)
  region size 1024K, 1 young (1024K), 1 survivors (1024K)
 Metaspace       used 96949K, capacity 99423K, committed 99712K, reserved 1136640K
  class space    used 12437K, capacity 13341K, committed 13440K, reserved 1048576K
}
Event: 97.470 GC heap before
{Heap before GC invocations=74 (full 0):
 garbage-first heap   total 131072K, used 113689K [0x0000000080000000, 0x0000000100000000)
  region size 1024K, 7 young (7168K), 1 survivors (1024K)
 Metaspace       used 97336K, capacity 99807K, committed 99968K, reserved 1136640K
  class space    used 12496K, capacity 13405K, committed 13440K, reserved 1048576K
}
Event: 97.473 GC heap after
{Heap after GC invocations=75 (full 0):
 garbage-first heap   total 131072K, used 108623K [0x0000000080000000, 0x0000000100000000)
  region size 1024K, 1 young (1024K), 1 survivors (1024K)
 Metaspace       used 97336K, capacity 99807K, committed 99968K, reserved 1136640K
  class space    used 12496K, capacity 13405K, committed 13440K, reserved 1048576K
}
Event: 97.881 GC heap before
{Heap before GC invocations=75 (full 0):
 garbage-first heap   total 131072K, used 114767K [0x0000000080000000, 0x0000000100000000)
  region size 1024K, 7 young (7168K), 1 survivors (1024K)
 Metaspace       used 97812K, capacity 100319K, committed 100608K, reserved 1136640K
  class space    used 12560K, capacity 13469K, committed 13568K, reserved 1048576K
}
Event: 97.884 GC heap after
{Heap after GC invocations=76 (full 0):
 garbage-first heap   total 131072K, used 108668K [0x0000000080000000, 0x0000000100000000)
  region size 1024K, 1 young (1024K), 1 survivors (1024K)
 Metaspace       used 97812K, capacity 100319K, committed 100608K, reserved 1136640K
  class space    used 12560K, capacity 13469K, committed 13568K, reserved 1048576K
}
Event: 98.144 GC heap before
{Heap before GC invocations=77 (full 0):
 garbage-first heap   total 131072K, used 113788K [0x0000000080000000, 0x0000000100000000)
  region size 1024K, 7 young (7168K), 1 survivors (1024K)
 Metaspace       used 98308K, capacity 100767K, committed 100864K, reserved 1136640K
  class space    used 12626K, capacity 13533K, committed 13568K, reserved 1048576K
}
Event: 98.146 GC heap after
{Heap after GC invocations=78 (full 0):
 garbage-first heap   total 131072K, used 108765K [0x0000000080000000, 0x0000000100000000)
  region size 1024K, 1 young (1024K), 1 survivors (1024K)
 Metaspace       used 98308K, capacity 100767K, committed 100864K, reserved 1136640K
  class space    used 12626K, capacity 13533K, committed 13568K, reserved 1048576K
}
Event: 98.337 GC heap before
{Heap before GC invocations=78 (full 0):
 garbage-first heap   total 131072K, used 114909K [0x0000000080000000, 0x0000000100000000)
  region size 1024K, 7 young (7168K), 1 survivors (1024K)
 Metaspace       used 98801K, capacity 101279K, committed 101504K, reserved 1136640K
  class space    used 12680K, capacity 13597K, committed 13696K, reserved 1048576K
}
Event: 98.342 GC heap after
{Heap after GC invocations=79 (full 0):
 garbage-first heap   total 157696K, used 108969K [0x0000000080000000, 0x0000000100000000)
  region size 1024K, 1 young (1024K), 1 survivors (1024K)
 Metaspace       used 98801K, capacity 101279K, committed 101504K, reserved 1136640K
  class space    used 12680K, capacity 13597K, committed 13696K, reserved 1048576K
}
Event: 99.048 GC heap before
{Heap before GC invocations=80 (full 0):
 garbage-first heap   total 157696K, used 126377K [0x0000000080000000, 0x0000000100000000)
  region size 1024K, 18 young (18432K), 1 survivors (1024K)
 Metaspace       used 100027K, capacity 102527K, committed 102656K, reserved 1138688K
  class space    used 12833K, capacity 13757K, committed 13824K, reserved 1048576K
}
Event: 99.053 GC heap after
{Heap after GC invocations=81 (full 0):
 garbage-first heap   total 157696K, used 109639K [0x0000000080000000, 0x0000000100000000)
  region size 1024K, 2 young (2048K), 2 survivors (2048K)
 Metaspace       used 100027K, capacity 102527K, committed 102656K, reserved 1138688K
  class space    used 12833K, capacity 13757K, committed 13824K, reserved 1048576K
}
Event: 99.856 GC heap before
{Heap before GC invocations=81 (full 0):
 garbage-first heap   total 157696K, used 126023K [0x0000000080000000, 0x0000000100000000)
  region size 1024K, 19 young (19456K), 2 survivors (2048K)
 Metaspace       used 101257K, capacity 103735K, committed 104064K, reserved 1138688K
  class space    used 12955K, capacity 13860K, committed 13952K, reserved 1048576K
}
Event: 99.863 GC heap after
{Heap after GC invocations=82 (full 0):
 garbage-first heap   total 157696K, used 111470K [0x0000000080000000, 0x0000000100000000)
  region size 1024K, 3 young (3072K), 3 survivors (3072K)
 Metaspace       used 101257K, capacity 103735K, committed 104064K, reserved 1138688K
  class space    used 12955K, capacity 13860K, committed 13952K, reserved 1048576K
}
Event: 100.393 GC heap before
{Heap before GC invocations=83 (full 0):
 garbage-first heap   total 157696K, used 116590K [0x0000000080000000, 0x0000000100000000)
  region size 1024K, 9 young (9216K), 3 survivors (3072K)
 Metaspace       used 101600K, capacity 104130K, committed 104320K, reserved 1140736K
  class space    used 12995K, capacity 13927K, committed 13952K, reserved 1048576K
}
Event: 100.401 GC heap after
{Heap after GC invocations=84 (full 0):
 garbage-first heap   total 157696K, used 112272K [0x0000000080000000, 0x0000000100000000)
  region size 1024K, 1 young (1024K), 1 survivors (1024K)
 Metaspace       used 101600K, capacity 104130K, committed 104320K, reserved 1140736K
  class space    used 12995K, capacity 13927K, committed 13952K, reserved 1048576K
}
Event: 101.261 GC heap before
{Heap before GC invocations=85 (full 0):
 garbage-first heap   total 157696K, used 129680K [0x0000000080000000, 0x0000000100000000)
  region size 1024K, 15 young (15360K), 1 survivors (1024K)
 Metaspace       used 102279K, capacity 104863K, committed 104960K, reserved 1140736K
  class space    used 13068K, capacity 13996K, committed 14080K, reserved 1048576K
}
Event: 101.267 GC heap after
{Heap after GC invocations=86 (full 0):
 garbage-first heap   total 189440K, used 112816K [0x0000000080000000, 0x0000000100000000)
  region size 1024K, 2 young (2048K), 2 survivors (2048K)
 Metaspace       used 102279K, capacity 104863K, committed 104960K, reserved 1140736K
  class space    used 13068K, capacity 13996K, committed 14080K, reserved 1048576K
}

Deoptimization events (20 events):
Event: 101.953 Thread 0x000001ac1a071000 Uncommon trap: trap_request=0xffffffde fr.pc=0x000001ac0bb57304 relative=0x0000000000000064
Event: 101.953 Thread 0x000001ac1a071000 Uncommon trap: reason=class_check action=maybe_recompile pc=0x000001ac0bb57304 method=org.gradle.internal.component.external.model.DefaultModuleComponentIdentifier.getModule()Ljava/lang/String; @ 4 c2
Event: 101.953 Thread 0x000001ac1a071000 DEOPT PACKING pc=0x000001ac0bb57304 sp=0x00000019911f8da0
Event: 101.953 Thread 0x000001ac1a071000 DEOPT UNPACKING pc=0x000001ac03a378af sp=0x00000019911f8d28 mode 2
Event: 101.961 Thread 0x000001ac1a071000 Uncommon trap: trap_request=0xffffffde fr.pc=0x000001ac0bb57c04 relative=0x0000000000000064
Event: 101.961 Thread 0x000001ac1a071000 Uncommon trap: reason=class_check action=maybe_recompile pc=0x000001ac0bb57c04 method=org.gradle.internal.component.external.model.DefaultModuleComponentIdentifier.getGroup()Ljava/lang/String; @ 4 c2
Event: 101.961 Thread 0x000001ac1a071000 DEOPT PACKING pc=0x000001ac0bb57c04 sp=0x00000019911f86f0
Event: 101.961 Thread 0x000001ac1a071000 DEOPT UNPACKING pc=0x000001ac03a378af sp=0x00000019911f8678 mode 2
Event: 101.961 Thread 0x000001ac1a071000 Uncommon trap: trap_request=0xffffffde fr.pc=0x000001ac0bb57304 relative=0x0000000000000064
Event: 101.961 Thread 0x000001ac1a071000 Uncommon trap: reason=class_check action=maybe_recompile pc=0x000001ac0bb57304 method=org.gradle.internal.component.external.model.DefaultModuleComponentIdentifier.getModule()Ljava/lang/String; @ 4 c2
Event: 101.961 Thread 0x000001ac1a071000 DEOPT PACKING pc=0x000001ac0bb57304 sp=0x00000019911f86f0
Event: 101.961 Thread 0x000001ac1a071000 DEOPT UNPACKING pc=0x000001ac03a378af sp=0x00000019911f8678 mode 2
Event: 101.962 Thread 0x000001ac1a071000 Uncommon trap: trap_request=0xffffffde fr.pc=0x000001ac0bb57c04 relative=0x0000000000000064
Event: 101.962 Thread 0x000001ac1a071000 Uncommon trap: reason=class_check action=maybe_recompile pc=0x000001ac0bb57c04 method=org.gradle.internal.component.external.model.DefaultModuleComponentIdentifier.getGroup()Ljava/lang/String; @ 4 c2
Event: 101.962 Thread 0x000001ac1a071000 DEOPT PACKING pc=0x000001ac0bb57c04 sp=0x00000019911f8da0
Event: 101.962 Thread 0x000001ac1a071000 DEOPT UNPACKING pc=0x000001ac03a378af sp=0x00000019911f8d28 mode 2
Event: 101.962 Thread 0x000001ac1a071000 Uncommon trap: trap_request=0xffffffde fr.pc=0x000001ac0bb57304 relative=0x0000000000000064
Event: 101.962 Thread 0x000001ac1a071000 Uncommon trap: reason=class_check action=maybe_recompile pc=0x000001ac0bb57304 method=org.gradle.internal.component.external.model.DefaultModuleComponentIdentifier.getModule()Ljava/lang/String; @ 4 c2
Event: 101.962 Thread 0x000001ac1a071000 DEOPT PACKING pc=0x000001ac0bb57304 sp=0x00000019911f8da0
Event: 101.962 Thread 0x000001ac1a071000 DEOPT UNPACKING pc=0x000001ac03a378af sp=0x00000019911f8d28 mode 2

Classes redefined (0 events):
No events

Internal exceptions (20 events):
Event: 80.935 Thread 0x000001ac1a071000 Exception <a 'java/lang/ClassNotFoundException'{0x0000000086e9e790}: java/util/LinkedHashMapCustomizer> (0x0000000086e9e790) thrown at [./src/hotspot/share/classfile/systemDictionary.cpp, line 231]
Event: 82.601 Thread 0x000001ac1a071000 Exception <a 'sun/nio/fs/WindowsException'{0x0000000087a1e3a0}> (0x0000000087a1e3a0) thrown at [./src/hotspot/share/prims/jni.cpp, line 615]
Event: 82.602 Thread 0x000001ac1a071000 Exception <a 'sun/nio/fs/WindowsException'{0x0000000087a1e968}> (0x0000000087a1e968) thrown at [./src/hotspot/share/prims/jni.cpp, line 615]
Event: 83.371 Thread 0x000001ac1a071000 Exception <a 'java/lang/NullPointerException'{0x0000000087f058c0}> (0x0000000087f058c0) thrown at [./src/hotspot/share/interpreter/linkResolver.cpp, line 1440]
Event: 83.811 Thread 0x000001ac1a071000 Implicit null exception at 0x000001ac0b911789 to 0x000001ac0b911e48
Event: 84.786 Thread 0x000001ac1a071000 Exception <a 'java/lang/NoSuchMethodError'{0x0000000087e05b78}: 'int java.lang.invoke.DirectMethodHandle$Holder.invokeStatic(java.lang.Object, java.lang.Object, int, java.lang.Object)'> (0x0000000087e05b78) thrown at [./src/hotspot/share/interpreter/linkResolver.cpp, line 773]
Event: 85.164 Thread 0x000001ac1a071000 Exception <a 'sun/nio/fs/WindowsException'{0x0000000087d37558}> (0x0000000087d37558) thrown at [./src/hotspot/share/prims/jni.cpp, line 615]
Event: 85.164 Thread 0x000001ac1a071000 Exception <a 'sun/nio/fs/WindowsException'{0x0000000087d388d0}> (0x0000000087d388d0) thrown at [./src/hotspot/share/prims/jni.cpp, line 615]
Event: 85.164 Thread 0x000001ac1a071000 Exception <a 'sun/nio/fs/WindowsException'{0x0000000087d39c98}> (0x0000000087d39c98) thrown at [./src/hotspot/share/prims/jni.cpp, line 615]
Event: 85.164 Thread 0x000001ac1a071000 Exception <a 'sun/nio/fs/WindowsException'{0x0000000087d3b060}> (0x0000000087d3b060) thrown at [./src/hotspot/share/prims/jni.cpp, line 615]
Event: 86.778 Thread 0x000001ac1a071000 Exception <a 'java/lang/reflect/InvocationTargetException'{0x0000000087cde5c8}> (0x0000000087cde5c8) thrown at [./src/hotspot/share/runtime/reflection.cpp, line 1247]
Event: 90.545 Thread 0x000001ac1a071000 Exception <a 'java/lang/NoSuchMethodError'{0x0000000087375c08}: 'java.lang.Object java.lang.invoke.DirectMethodHandle$Holder.invokeSpecialIFC(java.lang.Object, java.lang.Object, java.lang.Object)'> (0x0000000087375c08) thrown at [./src/hotspot/share/interpreter/linkResolver.cpp, line 773]
Event: 90.730 Thread 0x000001ac1a071000 Exception <a 'java/lang/NoSuchMethodError'{0x0000000087c68598}: 'int java.lang.invoke.DirectMethodHandle$Holder.invokeStaticInit(java.lang.Object, java.lang.Object, java.lang.Object, java.lang.Object, java.lang.Object)'> (0x0000000087c68598) thrown at [./src/hotspot/share/interpreter/linkResolver.cpp, line 773]
Event: 94.750 Thread 0x000001ac1a071000 Exception <a 'java/lang/NoSuchMethodError'{0x0000000087df34c0}: 'int java.lang.invoke.DirectMethodHandle$Holder.invokeSpecialIFC(java.lang.Object, java.lang.Object, java.lang.Object)'> (0x0000000087df34c0) thrown at [./src/hotspot/share/interpreter/linkResolver.cpp, line 773]
Event: 95.434 Thread 0x000001ac1b832800 Exception <a 'java/lang/NoSuchMethodError'{0x0000000087d7ad08}: 'void java.lang.invoke.DirectMethodHandle$Holder.invokeVirtual(java.lang.Object, java.lang.Object)'> (0x0000000087d7ad08) thrown at [./src/hotspot/share/interpreter/linkResolver.cpp, line 773]
Event: 95.995 Thread 0x000001ac1a071000 Exception <a 'java/lang/NoSuchMethodError'{0x0000000087a88d58}: 'java.lang.Object java.lang.invoke.DirectMethodHandle$Holder.invokeStatic(java.lang.Object, java.lang.Object, java.lang.Object, java.lang.Object, java.lang.Object, java.lang.Object, java.lang.Object, java.lang.Object, java.lang.Object, java.lang.Object, java.lang.Object, java.lang.Object, java.lang.Object, java.lang.Object, java.lang.Object, java.lang.Object, java.lang.Object, java.lang.Object, int, java.lang.Object)'> (0x0000000087a88d58) thr
Event: 95.996 Thread 0x000001ac1a071000 Exception <a 'java/lang/NoSuchMethodError'{0x0000000087a8f2c8}: 'java.lang.Object java.lang.invoke.DirectMethodHandle$Holder.invokeStaticInit(java.lang.Object, java.lang.Object, java.lang.Object, java.lang.Object, java.lang.Object, java.lang.Object, java.lang.Object, java.lang.Object, java.lang.Object, java.lang.Object, java.lang.Object, java.lang.Object, java.lang.Object, java.lang.Object, java.lang.Object, java.lang.Object, java.lang.Object, java.lang.Object, int, java.lang.Object)'> (0x0000000087a8f2c8)
Event: 96.070 Thread 0x000001ac1a071000 Exception <a 'java/lang/NoSuchMethodError'{0x000000008778aca0}: 'int java.lang.invoke.DirectMethodHandle$Holder.invokeVirtual(java.lang.Object, java.lang.Object, java.lang.Object, java.lang.Object)'> (0x000000008778aca0) thrown at [./src/hotspot/share/interpreter/linkResolver.cpp, line 773]
Event: 96.267 Thread 0x000001ac1a071000 Exception <a 'java/lang/NoSuchMethodError'{0x0000000087d18ea8}: 'java.lang.Object java.lang.invoke.DirectMethodHandle$Holder.invokeStatic(java.lang.Object, int, java.lang.Object, java.lang.Object)'> (0x0000000087d18ea8) thrown at [./src/hotspot/share/interpreter/linkResolver.cpp, line 773]
Event: 101.582 Thread 0x000001ac1a071000 Implicit null exception at 0x000001ac0bbbec6f to 0x000001ac0bbbf154

Events (20 events):
Event: 101.901 loading class com/android/ide/gradle/model/AdditionalClassifierArtifactsModelParameter
Event: 101.901 loading class com/android/ide/gradle/model/AdditionalClassifierArtifactsModelParameter done
Event: 101.901 loading class com/android/tools/idea/gradle/project/sync/AdditionalClassifierArtifactsModelCollectorKt$getAdditionalClassifierArtifactsModel$1$1$1
Event: 101.901 loading class com/android/tools/idea/gradle/project/sync/AdditionalClassifierArtifactsModelCollectorKt$getAdditionalClassifierArtifactsModel$1$1$1 done
Event: 101.936 loading class com/android/ide/gradle/model/AdditionalClassifierArtifactsModelParameter
Event: 101.936 loading class com/android/ide/gradle/model/AdditionalClassifierArtifactsModelParameter done
Event: 101.939 loading class com/android/ide/gradle/model/ArtifactIdentifier
Event: 101.939 loading class com/android/ide/gradle/model/ArtifactIdentifier done
Event: 101.945 loading class org/gradle/internal/component/external/model/DefaultModuleComponentIdentifier
Event: 101.945 loading class org/gradle/internal/component/external/model/DefaultModuleComponentIdentifier done
Event: 101.945 loading class com/android/ide/gradle/model/artifacts/builder/AdditionalClassifierArtifactsModelBuilder$buildAll$ids$1$1
Event: 101.945 loading class com/android/ide/gradle/model/artifacts/builder/AdditionalClassifierArtifactsModelBuilder$buildAll$ids$1$1 done
Event: 101.950 loading class org/gradle/maven/MavenModule
Event: 101.950 loading class org/gradle/maven/MavenModule done
Event: 101.950 loading class org/gradle/maven/MavenPomArtifact
Event: 101.950 loading class org/gradle/maven/MavenPomArtifact done
Event: 101.956 loading class org/gradle/internal/component/model/DefaultModuleDescriptorArtifactMetadata
Event: 101.956 loading class org/gradle/internal/component/model/DefaultModuleDescriptorArtifactMetadata done
Event: 101.957 Executing VM operation: Deoptimize
Event: 101.959 Executing VM operation: Deoptimize done


Dynamic libraries:
0x00007ff6f8ec0000 - 0x00007ff6f8eca000 	C:\Program Files\Android\Android Studio1\jre\bin\java.exe
0x00007ff905470000 - 0x00007ff905665000 	C:\WINDOWS\SYSTEM32\ntdll.dll
0x00007ff903bf0000 - 0x00007ff903cae000 	C:\WINDOWS\System32\KERNEL32.DLL
0x00007ff902f20000 - 0x00007ff9031e8000 	C:\WINDOWS\System32\KERNELBASE.dll
0x00007ff902c30000 - 0x00007ff902d30000 	C:\WINDOWS\System32\ucrtbase.dll
0x00007ff8fded0000 - 0x00007ff8fdee9000 	C:\Program Files\Android\Android Studio1\jre\bin\jli.dll
0x00007ff904720000 - 0x00007ff9048c1000 	C:\WINDOWS\System32\USER32.dll
0x00007ff9031f0000 - 0x00007ff903212000 	C:\WINDOWS\System32\win32u.dll
0x00007ff904980000 - 0x00007ff9049ab000 	C:\WINDOWS\System32\GDI32.dll
0x00007ff903280000 - 0x00007ff90338b000 	C:\WINDOWS\System32\gdi32full.dll
0x00007ff902b90000 - 0x00007ff902c2d000 	C:\WINDOWS\System32\msvcp_win.dll
0x00007ff8fd670000 - 0x00007ff8fd687000 	C:\Program Files\Android\Android Studio1\jre\bin\VCRUNTIME140.dll
0x00007ff8f2ef0000 - 0x00007ff8f318a000 	C:\WINDOWS\WinSxS\amd64_microsoft.windows.common-controls_6595b64144ccf1df_6.0.19041.1110_none_60b5254171f9507e\COMCTL32.dll
0x00007ff903940000 - 0x00007ff9039de000 	C:\WINDOWS\System32\msvcrt.dll
0x00007ff904b80000 - 0x00007ff904bb0000 	C:\WINDOWS\System32\IMM32.DLL
0x00007ff8d5db0000 - 0x00007ff8d5e4d000 	C:\Program Files\Android\Android Studio1\jre\bin\msvcp140.dll
0x00007ff89ef20000 - 0x00007ff89f9ef000 	C:\Program Files\Android\Android Studio1\jre\bin\server\jvm.dll
0x00007ff903cb0000 - 0x00007ff903d5c000 	C:\WINDOWS\System32\ADVAPI32.dll
0x00007ff9044d0000 - 0x00007ff90456b000 	C:\WINDOWS\System32\sechost.dll
0x00007ff904120000 - 0x00007ff90424a000 	C:\WINDOWS\System32\RPCRT4.dll
0x00007ff905420000 - 0x00007ff905428000 	C:\WINDOWS\System32\PSAPI.DLL
0x00007ff900b60000 - 0x00007ff900b69000 	C:\WINDOWS\SYSTEM32\WSOCK32.dll
0x00007ff904380000 - 0x00007ff9043eb000 	C:\WINDOWS\System32\WS2_32.dll
0x00007ff8f8500000 - 0x00007ff8f8527000 	C:\WINDOWS\SYSTEM32\WINMM.dll
0x00007ff8f9a80000 - 0x00007ff8f9a8a000 	C:\WINDOWS\SYSTEM32\VERSION.dll
0x00007ff901440000 - 0x00007ff901452000 	C:\WINDOWS\SYSTEM32\kernel.appcore.dll
0x00007ff89ef00000 - 0x00007ff89ef11000 	C:\Program Files\Android\Android Studio1\jre\bin\verify.dll
0x00007ff900800000 - 0x00007ff9009e4000 	C:\WINDOWS\SYSTEM32\DBGHELP.DLL
0x00007ff8ef1e0000 - 0x00007ff8ef20c000 	C:\WINDOWS\SYSTEM32\dbgcore.DLL
0x00007ff902e90000 - 0x00007ff902f13000 	C:\WINDOWS\System32\bcryptPrimitives.dll
0x00007ff89eed0000 - 0x00007ff89eef9000 	C:\Program Files\Android\Android Studio1\jre\bin\java.dll
0x00007ff8cf4e0000 - 0x00007ff8cf4eb000 	C:\Program Files\Android\Android Studio1\jre\bin\jimage.dll
0x00007ff89eeb0000 - 0x00007ff89eec8000 	C:\Program Files\Android\Android Studio1\jre\bin\zip.dll
0x00007ff904c70000 - 0x00007ff9053af000 	C:\WINDOWS\System32\SHELL32.dll
0x00007ff900c70000 - 0x00007ff901400000 	C:\WINDOWS\SYSTEM32\windows.storage.dll
0x00007ff903dc0000 - 0x00007ff904115000 	C:\WINDOWS\System32\combase.dll
0x00007ff9025e0000 - 0x00007ff90260e000 	C:\WINDOWS\SYSTEM32\Wldp.dll
0x00007ff904bc0000 - 0x00007ff904c6d000 	C:\WINDOWS\System32\SHCORE.dll
0x00007ff903d60000 - 0x00007ff903db5000 	C:\WINDOWS\System32\shlwapi.dll
0x00007ff902ad0000 - 0x00007ff902aef000 	C:\WINDOWS\SYSTEM32\profapi.dll
0x00007ff89e660000 - 0x00007ff89e67a000 	C:\Program Files\Android\Android Studio1\jre\bin\net.dll
0x00007ff8f3cb0000 - 0x00007ff8f3dbc000 	C:\WINDOWS\SYSTEM32\WINHTTP.dll
0x00007ff902340000 - 0x00007ff9023aa000 	C:\WINDOWS\system32\mswsock.dll
0x00007ff89e640000 - 0x00007ff89e654000 	C:\Program Files\Android\Android Studio1\jre\bin\nio.dll
0x00007ff8f0630000 - 0x00007ff8f0657000 	C:\Users\65965\.gradle\native\8bec1ad78214c89d9ad589b4d07fe93259594b29d510b10fafb7a158f7737e5d\windows-amd64\native-platform.dll
0x00007ff8c75e0000 - 0x00007ff8c771d000 	C:\Users\65965\.gradle\native\53dbd7edfb1c66fb8903c78663c9afc45aea4f116125fa6feffd364cf09443e8\windows-amd64\native-platform-file-events.dll
0x00007ff8ccf60000 - 0x00007ff8ccf6a000 	C:\Program Files\Android\Android Studio1\jre\bin\management.dll
0x00007ff8cb870000 - 0x00007ff8cb87c000 	C:\Program Files\Android\Android Studio1\jre\bin\management_ext.dll
0x00007ff902530000 - 0x00007ff902548000 	C:\WINDOWS\SYSTEM32\CRYPTSP.dll
0x00007ff901c50000 - 0x00007ff901c84000 	C:\WINDOWS\system32\rsaenh.dll
0x00007ff903440000 - 0x00007ff903467000 	C:\WINDOWS\System32\bcrypt.dll
0x00007ff902a50000 - 0x00007ff902a7e000 	C:\WINDOWS\SYSTEM32\USERENV.dll
0x00007ff902550000 - 0x00007ff90255c000 	C:\WINDOWS\SYSTEM32\CRYPTBASE.dll
0x00007ff901fe0000 - 0x00007ff90201b000 	C:\WINDOWS\SYSTEM32\IPHLPAPI.DLL
0x00007ff904bb0000 - 0x00007ff904bb8000 	C:\WINDOWS\System32\NSI.dll
0x00007ff8f99d0000 - 0x00007ff8f99e7000 	C:\WINDOWS\SYSTEM32\dhcpcsvc6.DLL
0x00007ff8fab70000 - 0x00007ff8fab8d000 	C:\WINDOWS\SYSTEM32\dhcpcsvc.DLL
0x00007ff902020000 - 0x00007ff9020eb000 	C:\WINDOWS\SYSTEM32\DNSAPI.dll

dbghelp: loaded successfully - version: 4.0.5 - missing functions: none
symbol engine: initialized successfully - sym options: 0x614 - pdb path: .;C:\Program Files\Android\Android Studio1\jre\bin;C:\WINDOWS\SYSTEM32;C:\WINDOWS\WinSxS\amd64_microsoft.windows.common-controls_6595b64144ccf1df_6.0.19041.1110_none_60b5254171f9507e;C:\Program Files\Android\Android Studio1\jre\bin\server;C:\Users\65965\.gradle\native\8bec1ad78214c89d9ad589b4d07fe93259594b29d510b10fafb7a158f7737e5d\windows-amd64;C:\Users\65965\.gradle\native\53dbd7edfb1c66fb8903c78663c9afc45aea4f116125fa6feffd364cf09443e8\windows-amd64

VM Arguments:
jvm_args: --add-opens=java.base/java.util=ALL-UNNAMED --add-opens=java.base/java.lang=ALL-UNNAMED --add-opens=java.base/java.lang.invoke=ALL-UNNAMED --add-opens=java.base/java.util=ALL-UNNAMED --add-opens=java.prefs/java.util.prefs=ALL-UNNAMED --add-opens=java.prefs/java.util.prefs=ALL-UNNAMED --add-opens=java.base/java.nio.charset=ALL-UNNAMED --add-opens=java.base/java.net=ALL-UNNAMED --add-opens=java.base/java.util.concurrent.atomic=ALL-UNNAMED -Xmx2048m -Dfile.encoding=UTF-8 -Duser.country=US -Duser.language=en -Duser.variant 
java_command: org.gradle.launcher.daemon.bootstrap.GradleDaemon 7.0.2
java_class_path (initial): C:\Users\65965\.gradle\wrapper\dists\gradle-7.0.2-bin\857tjihv64xamwrf0h14cai3r\gradle-7.0.2\lib\gradle-launcher-7.0.2.jar
Launcher Type: SUN_STANDARD

[Global flags]
     intx CICompilerCount                          = 3                                         {product} {ergonomic}
     uint ConcGCThreads                            = 1                                         {product} {ergonomic}
     uint G1ConcRefinementThreads                  = 4                                         {product} {ergonomic}
   size_t G1HeapRegionSize                         = 1048576                                   {product} {ergonomic}
    uintx GCDrainStackTargetSize                   = 64                                        {product} {ergonomic}
   size_t InitialHeapSize                          = 134217728                                 {product} {ergonomic}
   size_t MarkStackSize                            = 4194304                                   {product} {ergonomic}
   size_t MaxHeapSize                              = 2147483648                                {product} {command line}
   size_t MaxNewSize                               = 1287651328                                {product} {ergonomic}
   size_t MinHeapDeltaBytes                        = 1048576                                   {product} {ergonomic}
    uintx NonNMethodCodeHeapSize                   = 5830732                                {pd product} {ergonomic}
    uintx NonProfiledCodeHeapSize                  = 122913754                              {pd product} {ergonomic}
    uintx ProfiledCodeHeapSize                     = 122913754                              {pd product} {ergonomic}
    uintx ReservedCodeCacheSize                    = 251658240                              {pd product} {ergonomic}
     bool SegmentedCodeCache                       = true                                      {product} {ergonomic}
     bool UseCompressedClassPointers               = true                                 {lp64_product} {ergonomic}
     bool UseCompressedOops                        = true                                 {lp64_product} {ergonomic}
     bool UseG1GC                                  = true                                      {product} {ergonomic}
     bool UseLargePagesIndividualAllocation        = false                                  {pd product} {ergonomic}

Logging:
Log output configuration:
 #0: stdout all=warning uptime,level,tags
 #1: stderr all=off uptime,level,tags

Environment Variables:
PATH=C:\Program Files (x86)\Intel\iCLS Client\;C:\Program Files\Intel\iCLS Client\;C:\Windows\system32;C:\Windows;C:\Windows\System32\Wbem;C:\Windows\System32\WindowsPowerShell\v1.0\;C:\Program Files (x86)\Intel\Intel(R) Management Engine Components\DAL;C:\Program Files\Intel\Intel(R) Management Engine Components\DAL;C:\Program Files (x86)\Intel\Intel(R) Management Engine Components\IPT;C:\Program Files\Intel\Intel(R) Management Engine Components\IPT;C:\Program Files (x86)\NVIDIA Corporation\PhysX\Common;C:\Program Files\Intel\WiFi\bin\;C:\Program Files\Common Files\Intel\WirelessCommon\;C:\WINDOWS\system32;C:\WINDOWS;C:\WINDOWS\System32\Wbem;C:\WINDOWS\System32\WindowsPowerShell\v1.0\;C:\WINDOWS\System32\OpenSSH\;D:\xampp\php;C:\composer;C:\Program Files\nodejs\;D:\Git\cmd;C:\Users\65965\AppData\Local\Microsoft\WindowsApps;C:\Users\65965\AppData\Local\Programs\Microsoft VS Code\bin;D:\xampp\php;C:\Users\65965\AppData\Roaming\Composer\vendor\bin;C:\Users\65965\AppData\Roaming\npm;D:\PyCharm 2021.1.1\bin;;D:\PyCharm Community Edition 2021.1.1\bin;;
USERNAME=user
OS=Windows_NT
PROCESSOR_IDENTIFIER=Intel64 Family 6 Model 78 Stepping 3, GenuineIntel



---------------  S Y S T E M  ---------------

OS: Windows 10 , 64 bit Build 19041 (10.0.19041.1348)
OS uptime: 0 days 0:59 hours

CPU:total 4 (initial active 4) (2 cores per cpu, 2 threads per core) family 6 model 78 stepping 3 microcode 0xcc, cmov, cx8, fxsr, mmx, sse, sse2, sse3, ssse3, sse4.1, sse4.2, popcnt, avx, avx2, aes, clmul, erms, 3dnowpref, lzcnt, ht, tsc, tscinvbit, bmi1, bmi2, adx, fma

Memory: 4k page, system-wide physical 8092M (577M free)
TotalPageFile size 8380M (AvailPageFile size 7M)
current process WorkingSet (physical memory assigned to process): 478M, peak: 484M
current process commit charge ("private bytes"): 537M, peak: 541M

vm_info: OpenJDK 64-Bit Server VM (11.0.10+0-b96-7249189) for windows-amd64 JRE (11.0.10+0-b96-7249189), built on Mar 31 2021 21:44:00 by "builder" with MS VC++ 14.0 (VS2015)

END.
